app/manifest-merger-release-report.txt
-- Merging decision tree log ---
manifest
ADDED from AndroidManifest.xml:2:1
	package
		ADDED from AndroidManifest.xml:4:5
		INJECTED from AndroidManifest.xml:0:0
		INJECTED from AndroidManifest.xml:0:0
	android:versionName
		INJECTED from AndroidManifest.xml:0:0
		INJECTED from AndroidManifest.xml:0:0
	xmlns:tools
		ADDED from AndroidManifest.xml:3:5
	xmlns:android
		ADDED from AndroidManifest.xml:2:11
	android:versionCode
		INJECTED from AndroidManifest.xml:0:0
		INJECTED from AndroidManifest.xml:0:0
uses-permission#android.permission.INTERNET
ADDED from AndroidManifest.xml:6:5
MERGED from com.crashlytics.sdk.android:crashlytics:2.4.0:9:5
MERGED from com.crashlytics.sdk.android:crashlytics-core:2.3.3:9:5
MERGED from com.twitter.sdk.android:tweet-ui:1.3.1:25:5
MERGED from com.twitter.sdk.android:twitter-core:1.4.1:25:5
MERGED from com.twitter.sdk.android:twitter-core:1.4.1:25:5
MERGED from com.digits.sdk.android:digits:1.6.2:25:5
MERGED from com.twitter.sdk.android:twitter-core:1.4.1:25:5
MERGED from com.twitter.sdk.android:tweet-composer:0.8.0:25:5
	android:name
		ADDED from AndroidManifest.xml:6:22
uses-permission#android.permission.ACCESS_NETWORK_STATE
ADDED from AndroidManifest.xml:7:5
	android:name
		ADDED from AndroidManifest.xml:7:22
uses-permission#android.permission.WRITE_EXTERNAL_STORAGE
ADDED from AndroidManifest.xml:8:5
	android:name
		ADDED from AndroidManifest.xml:8:22
uses-permission#android.permission.READ_EXTERNAL_STORAGE
ADDED from AndroidManifest.xml:9:5
	android:name
		ADDED from AndroidManifest.xml:9:22
application
ADDED from AndroidManifest.xml:11:5
MERGED from com.android.support:appcompat-v7:22.1.1:22:5
MERGED from com.android.support:support-v4:22.1.1:22:5
MERGED from hubbur-android:materialList:unspecified:11:5
MERGED from com.etsy.android.grid:library:1.0.5:6:5
MERGED from com.android.support:support-v4:22.1.1:22:5
MERGED from com.android.support:appcompat-v7:22.1.1:22:5
MERGED from com.android.support:support-v4:22.1.1:22:5
MERGED from com.android.support:cardview-v7:21.0.3:16:5
MERGED from com.github.nirhart:parallaxscroll:1.0:11:5
MERGED from hubbur-android:extendedCalendarView:unspecified:12:5
MERGED from de.hdodenhof:circleimageview:1.2.1:9:5
MERGED from net.danlew:android.joda:2.7.1:11:5
MERGED from com.android.support:cardview-v7:21.0.3:16:5
MERGED from com.github.navasmdc:MaterialDesign:1.4:11:5
MERGED from com.android.support:appcompat-v7:22.1.1:22:5
MERGED from com.android.support:support-v4:22.1.1:22:5
MERGED from com.android.support:recyclerview-v7:21.0.3:17:5
MERGED from com.android.support:support-v4:22.1.1:22:5
MERGED from com.crashlytics.sdk.android:crashlytics:2.4.0:11:5
MERGED from io.fabric.sdk.android:fabric:1.3.4:25:5
MERGED from com.crashlytics.sdk.android:crashlytics-core:2.3.3:11:5
MERGED from io.fabric.sdk.android:fabric:1.3.4:25:5
MERGED from com.crashlytics.sdk.android:answers:1.2.2:9:5
MERGED from io.fabric.sdk.android:fabric:1.3.4:25:5
MERGED from com.crashlytics.sdk.android:beta:1.1.3:9:5
MERGED from io.fabric.sdk.android:fabric:1.3.4:25:5
MERGED from com.crashlytics.sdk.android:answers:1.2.2:9:5
MERGED from io.fabric.sdk.android:fabric:1.3.4:25:5
MERGED from com.kbeanie:image-chooser-library:1.4.3:11:5
MERGED from hubbur-android.libs:library:unspecified:9:5
MERGED from com.android.support:support-v4:22.1.1:22:5
MERGED from hubbur-android.libs:libraryTaurys:unspecified:11:5
MERGED from com.android.support:support-v4:22.1.1:22:5
MERGED from com.android.support:support-v4:22.1.1:22:5
MERGED from com.melnykov:floatingactionbutton:1.2.0:12:5
MERGED from com.android.support:recyclerview-v7:21.0.3:17:5
MERGED from com.android.support:support-v4:22.1.1:22:5
MERGED from in.srain.cube:ultra-ptr:1.0.8:11:5
MERGED from uk.co.chrisjenx:calligraphy:2.1.0:11:5
MERGED from com.android.support:appcompat-v7:22.1.1:22:5
MERGED from com.android.support:support-v4:22.1.1:22:5
MERGED from com.github.johnkil.android-progressfragment:progressfragment:1.4.0:5:5
MERGED from com.android.support:support-v4:22.1.1:22:5
MERGED from com.android.support:appcompat-v7:22.1.1:22:5
MERGED from com.android.support:support-v4:22.1.1:22:5
MERGED from com.android.support:support-v4:22.1.1:22:5
MERGED from uk.co.chrisjenx:calligraphy:2.1.0:11:5
MERGED from com.android.support:appcompat-v7:22.1.1:22:5
MERGED from com.android.support:support-v4:22.1.1:22:5
MERGED from com.malinskiy:superrecyclerview:1.1.0:12:5
MERGED from com.android.support:recyclerview-v7:21.0.3:17:5
MERGED from com.android.support:support-v4:22.1.1:22:5
MERGED from com.twitter.sdk.android:twitter:1.6.1:25:5
MERGED from com.twitter.sdk.android:tweet-ui:1.3.1:27:5
MERGED from io.fabric.sdk.android:fabric:1.3.4:25:5
MERGED from com.twitter.sdk.android:twitter-core:1.4.1:27:5
MERGED from io.fabric.sdk.android:fabric:1.3.4:25:5
MERGED from com.android.support:support-v4:22.1.1:22:5
MERGED from io.fabric.sdk.android:fabric:1.3.4:25:5
MERGED from com.twitter.sdk.android:twitter-core:1.4.1:27:5
MERGED from io.fabric.sdk.android:fabric:1.3.4:25:5
MERGED from com.digits.sdk.android:digits:1.6.2:27:5
MERGED from io.fabric.sdk.android:fabric:1.3.4:25:5
MERGED from com.twitter.sdk.android:twitter-core:1.4.1:27:5
MERGED from io.fabric.sdk.android:fabric:1.3.4:25:5
MERGED from com.twitter.sdk.android:tweet-composer:0.8.0:27:5
MERGED from io.fabric.sdk.android:fabric:1.3.4:25:5
	android:label
		ADDED from AndroidManifest.xml:16:9
	android:hardwareAccelerated
		ADDED from AndroidManifest.xml:14:9
	android:versionCode
		ADDED from AndroidManifest.xml:19:9
	android:allowBackup
		ADDED from AndroidManifest.xml:13:9
	android:icon
		ADDED from AndroidManifest.xml:15:9
	android:largeHeap
		ADDED from AndroidManifest.xml:17:9
	android:theme
		ADDED from AndroidManifest.xml:18:9
		REJECTED from hubbur-android:extendedCalendarView:unspecified:16:9
	tools:replace
		ADDED from AndroidManifest.xml:20:9
	android:name
		ADDED from AndroidManifest.xml:12:9
meta-data#AA_DB_NAME
ADDED from AndroidManifest.xml:21:9
	android:value
		ADDED from AndroidManifest.xml:23:13
	android:name
		ADDED from AndroidManifest.xml:22:13
meta-data#AA_DB_VERSION
ADDED from AndroidManifest.xml:24:9
	android:value
		ADDED from AndroidManifest.xml:26:13
	android:name
		ADDED from AndroidManifest.xml:25:13
provider#com.tyczj.extendedcalendarview.CalendarProvider
ADDED from AndroidManifest.xml:28:9
MERGED from hubbur-android:extendedCalendarView:unspecified:18:9
	android:authorities
		ADDED from AndroidManifest.xml:30:13
	android:name
		ADDED from AndroidManifest.xml:29:13
activity#beta.drab.hubber.Activity.BaseActivity
ADDED from AndroidManifest.xml:32:9
	android:screenOrientation
		ADDED from AndroidManifest.xml:35:13
	android:label
		ADDED from AndroidManifest.xml:34:13
	android:theme
		ADDED from AndroidManifest.xml:36:13
	android:name
		ADDED from AndroidManifest.xml:33:13
intent-filter#android.intent.action.MAIN+android.intent.category.LAUNCHER
ADDED from AndroidManifest.xml:37:13
action#android.intent.action.MAIN
ADDED from AndroidManifest.xml:38:17
	android:name
		ADDED from AndroidManifest.xml:38:25
category#android.intent.category.LAUNCHER
ADDED from AndroidManifest.xml:40:17
	android:name
		ADDED from AndroidManifest.xml:40:27
activity#beta.drab.hubber.Activity.firstActivity
ADDED from AndroidManifest.xml:43:9
	android:screenOrientation
		ADDED from AndroidManifest.xml:46:13
	android:label
		ADDED from AndroidManifest.xml:45:13
	android:name
		ADDED from AndroidManifest.xml:44:13
activity#beta.drab.hubber.Activity.LoginActivity
ADDED from AndroidManifest.xml:48:9
	android:screenOrientation
		ADDED from AndroidManifest.xml:51:13
	android:label
		ADDED from AndroidManifest.xml:50:13
	android:name
		ADDED from AndroidManifest.xml:49:13
activity#beta.drab.hubber.Activity.RegisterActivity
ADDED from AndroidManifest.xml:53:9
	android:screenOrientation
		ADDED from AndroidManifest.xml:56:13
	android:label
		ADDED from AndroidManifest.xml:55:13
	android:name
		ADDED from AndroidManifest.xml:54:13
activity#beta.drab.hubber.Activity.LocationActivity
ADDED from AndroidManifest.xml:58:9
	android:screenOrientation
		ADDED from AndroidManifest.xml:61:13
	android:label
		ADDED from AndroidManifest.xml:60:13
	android:name
		ADDED from AndroidManifest.xml:59:13
activity#beta.drab.hubber.Activity.verifyPhoneActivity
ADDED from AndroidManifest.xml:63:9
	android:screenOrientation
		ADDED from AndroidManifest.xml:66:13
	android:label
		ADDED from AndroidManifest.xml:65:13
	android:name
		ADDED from AndroidManifest.xml:64:13
activity#beta.drab.hubber.Activity.ConnectWFriendsActivity
ADDED from AndroidManifest.xml:68:9
	android:screenOrientation
		ADDED from AndroidManifest.xml:71:13
	android:label
		ADDED from AndroidManifest.xml:70:13
	android:name
		ADDED from AndroidManifest.xml:69:13
activity#beta.drab.hubber.Activity.FindFriendsActivity
ADDED from AndroidManifest.xml:73:9
	android:label
		ADDED from AndroidManifest.xml:75:13
	android:name
		ADDED from AndroidManifest.xml:74:13
activity#beta.drab.hubber.Activity.HubSelectorActivity
ADDED from AndroidManifest.xml:77:9
	android:screenOrientation
		ADDED from AndroidManifest.xml:80:13
	android:label
		ADDED from AndroidManifest.xml:79:13
	android:name
		ADDED from AndroidManifest.xml:78:13
activity#beta.drab.hubber.Activity.homeActivity
ADDED from AndroidManifest.xml:82:9
	android:screenOrientation
		ADDED from AndroidManifest.xml:85:13
	android:label
		ADDED from AndroidManifest.xml:84:13
	android:name
		ADDED from AndroidManifest.xml:83:13
activity#beta.drab.hubber.Activity.EventDetailActivity
ADDED from AndroidManifest.xml:87:9
	android:screenOrientation
		ADDED from AndroidManifest.xml:90:13
	android:label
		ADDED from AndroidManifest.xml:89:13
	android:name
		ADDED from AndroidManifest.xml:88:13
activity#beta.drab.hubber.Activity.Detail4Picture
ADDED from AndroidManifest.xml:92:9
	android:screenOrientation
		ADDED from AndroidManifest.xml:95:13
	android:label
		ADDED from AndroidManifest.xml:94:13
	android:name
		ADDED from AndroidManifest.xml:93:13
activity#beta.drab.hubber.Activity.MyHubs
ADDED from AndroidManifest.xml:97:9
	android:screenOrientation
		ADDED from AndroidManifest.xml:100:13
	android:label
		ADDED from AndroidManifest.xml:99:13
	android:name
		ADDED from AndroidManifest.xml:98:13
activity#beta.drab.hubber.Activity.contentDetailActivity
ADDED from AndroidManifest.xml:102:9
	android:screenOrientation
		ADDED from AndroidManifest.xml:105:13
	android:label
		ADDED from AndroidManifest.xml:104:13
	android:windowSoftInputMode
		ADDED from AndroidManifest.xml:106:13
	android:name
		ADDED from AndroidManifest.xml:103:13
activity#beta.drab.hubber.Activity.PostNewContentActivity
ADDED from AndroidManifest.xml:108:9
	android:screenOrientation
		ADDED from AndroidManifest.xml:111:13
	android:label
		ADDED from AndroidManifest.xml:110:13
	android:name
		ADDED from AndroidManifest.xml:109:13
activity#com.android.camera.CropImage
ADDED from AndroidManifest.xml:115:9
	android:screenOrientation
		ADDED from AndroidManifest.xml:117:13
	android:name
		ADDED from AndroidManifest.xml:116:13
activity#beta.drab.hubber.Activity.NewEventActivity
ADDED from AndroidManifest.xml:118:9
	android:screenOrientation
		ADDED from AndroidManifest.xml:122:13
	android:label
		ADDED from AndroidManifest.xml:120:13
	android:parentActivityName
		ADDED from AndroidManifest.xml:121:13
	android:name
		ADDED from AndroidManifest.xml:119:13
meta-data#io.fabric.ApiKey
ADDED from AndroidManifest.xml:125:9
	android:value
		ADDED from AndroidManifest.xml:127:13
	android:name
		ADDED from AndroidManifest.xml:126:13
activity#beta.drab.hubber.Activity.MyNavigationDrawer
ADDED from AndroidManifest.xml:129:9
	android:screenOrientation
		ADDED from AndroidManifest.xml:131:13
	android:theme
		ADDED from AndroidManifest.xml:132:13
	android:name
		ADDED from AndroidManifest.xml:130:13
activity#beta.drab.hubber.Activity.NavigationDrawer
ADDED from AndroidManifest.xml:133:9
	android:screenOrientation
		ADDED from AndroidManifest.xml:136:13
	android:label
		ADDED from AndroidManifest.xml:135:13
	android:name
		ADDED from AndroidManifest.xml:134:13
activity#beta.drab.hubber.Activity.Profiles.UserActivity
ADDED from AndroidManifest.xml:138:9
	android:label
		ADDED from AndroidManifest.xml:140:13
	android:parentActivityName
		ADDED from AndroidManifest.xml:141:13
	android:name
		ADDED from AndroidManifest.xml:139:13
activity#beta.drab.hubber.Activity.Profiles.SubHubProfileActivity
ADDED from AndroidManifest.xml:143:9
	android:label
		ADDED from AndroidManifest.xml:145:13
	android:parentActivityName
		ADDED from AndroidManifest.xml:146:13
	android:name
		ADDED from AndroidManifest.xml:144:13
activity#beta.drab.hubber.Activity.CalendarActivity
ADDED from AndroidManifest.xml:148:9
	android:label
		ADDED from AndroidManifest.xml:150:13
	android:parentActivityName
		ADDED from AndroidManifest.xml:151:13
	android:name
		ADDED from AndroidManifest.xml:149:13
activity#beta.drab.hubber.Activity.MyFriendsActivity
ADDED from AndroidManifest.xml:153:9
	android:label
		ADDED from AndroidManifest.xml:155:13
	android:name
		ADDED from AndroidManifest.xml:154:13
activity#beta.drab.hubber.Activity.MyInvitesActivity
ADDED from AndroidManifest.xml:157:9
	android:label
		ADDED from AndroidManifest.xml:159:13
	android:name
		ADDED from AndroidManifest.xml:158:13
activity#beta.drab.hubber.Activity.InviteFriendsActivity
ADDED from AndroidManifest.xml:161:9
	android:label
		ADDED from AndroidManifest.xml:163:13
	android:name
		ADDED from AndroidManifest.xml:162:13
uses-sdk
INJECTED from AndroidManifest.xml:0:0 reason: use-sdk injection requested
MERGED from com.android.support:appcompat-v7:22.1.1:20:5
MERGED from com.android.support:support-v4:22.1.1:20:5
MERGED from hubbur-android:materialList:unspecified:7:5
MERGED from com.etsy.android.grid:library:1.0.5:4:5
MERGED from com.android.support:support-v4:22.1.1:20:5
MERGED from com.android.support:appcompat-v7:22.1.1:20:5
MERGED from com.android.support:support-v4:22.1.1:20:5
MERGED from com.android.support:cardview-v7:21.0.3:15:5
MERGED from com.github.nirhart:parallaxscroll:1.0:7:5
MERGED from hubbur-android:extendedCalendarView:unspecified:8:5
MERGED from de.hdodenhof:circleimageview:1.2.1:5:5
MERGED from net.danlew:android.joda:2.7.1:7:5
MERGED from com.android.support:cardview-v7:21.0.3:15:5
MERGED from com.github.navasmdc:MaterialDesign:1.4:7:5
MERGED from com.github.lzyzsd.randomcolor:library:1.0.0:7:5
MERGED from com.android.support:appcompat-v7:22.1.1:20:5
MERGED from com.android.support:support-v4:22.1.1:20:5
MERGED from com.github.ksoichiro:android-observablescrollview:1.5.0:21:5
MERGED from com.android.support:recyclerview-v7:21.0.3:15:5
MERGED from com.android.support:support-v4:22.1.1:20:5
MERGED from com.crashlytics.sdk.android:crashlytics:2.4.0:7:5
MERGED from io.fabric.sdk.android:fabric:1.3.4:23:5
MERGED from com.crashlytics.sdk.android:crashlytics-core:2.3.3:7:5
MERGED from io.fabric.sdk.android:fabric:1.3.4:23:5
MERGED from com.crashlytics.sdk.android:answers:1.2.2:7:5
MERGED from io.fabric.sdk.android:fabric:1.3.4:23:5
MERGED from com.crashlytics.sdk.android:beta:1.1.3:7:5
MERGED from io.fabric.sdk.android:fabric:1.3.4:23:5
MERGED from com.crashlytics.sdk.android:answers:1.2.2:7:5
MERGED from io.fabric.sdk.android:fabric:1.3.4:23:5
MERGED from com.kbeanie:image-chooser-library:1.4.3:7:5
MERGED from hubbur-android.libs:library:unspecified:5:5
MERGED from com.android.support:support-v4:22.1.1:20:5
MERGED from hubbur-android.libs:libraryTaurys:unspecified:7:5
MERGED from com.android.support:support-v4:22.1.1:20:5
MERGED from com.android.support:support-v4:22.1.1:20:5
MERGED from me.villani.lorenzo.android:android-cropimage:1.0.2:7:5
MERGED from com.melnykov:floatingactionbutton:1.2.0:8:5
MERGED from com.android.support:recyclerview-v7:21.0.3:15:5
MERGED from com.android.support:support-v4:22.1.1:20:5
MERGED from in.srain.cube:ultra-ptr:1.0.8:7:5
MERGED from uk.co.chrisjenx:calligraphy:2.1.0:7:5
MERGED from com.android.support:appcompat-v7:22.1.1:20:5
MERGED from com.android.support:support-v4:22.1.1:20:5
MERGED from com.github.johnkil.android-progressfragment:progressfragment:1.4.0:3:5
MERGED from com.android.support:support-v4:22.1.1:20:5
MERGED from com.mikepenz.materialdrawer:library:2.7.5:8:5
MERGED from com.android.support:appcompat-v7:22.1.1:20:5
MERGED from com.android.support:support-v4:22.1.1:20:5
MERGED from com.mikepenz.iconics:library:0.9.0:8:5
MERGED from com.android.support:support-v4:22.1.1:20:5
MERGED from hubbur-android:Fontinator-master:unspecified:7:5
MERGED from uk.co.chrisjenx:calligraphy:2.1.0:7:5
MERGED from com.android.support:appcompat-v7:22.1.1:20:5
MERGED from com.android.support:support-v4:22.1.1:20:5
MERGED from com.malinskiy:superrecyclerview:1.1.0:8:5
MERGED from com.android.support:recyclerview-v7:21.0.3:15:5
MERGED from com.android.support:support-v4:22.1.1:20:5
MERGED from com.twitter.sdk.android:twitter:1.6.1:23:5
MERGED from com.twitter.sdk.android:tweet-ui:1.3.1:23:5
MERGED from io.fabric.sdk.android:fabric:1.3.4:23:5
MERGED from com.twitter.sdk.android:twitter-core:1.4.1:23:5
MERGED from io.fabric.sdk.android:fabric:1.3.4:23:5
MERGED from com.android.support:support-v4:22.1.1:20:5
MERGED from io.fabric.sdk.android:fabric:1.3.4:23:5
MERGED from com.twitter.sdk.android:twitter-core:1.4.1:23:5
MERGED from io.fabric.sdk.android:fabric:1.3.4:23:5
MERGED from com.digits.sdk.android:digits:1.6.2:23:5
MERGED from io.fabric.sdk.android:fabric:1.3.4:23:5
MERGED from com.twitter.sdk.android:twitter-core:1.4.1:23:5
MERGED from io.fabric.sdk.android:fabric:1.3.4:23:5
MERGED from com.twitter.sdk.android:tweet-composer:0.8.0:23:5
MERGED from io.fabric.sdk.android:fabric:1.3.4:23:5
	android:targetSdkVersion
		INJECTED from AndroidManifest.xml:0:0
		INJECTED from AndroidManifest.xml:0:0
	android:minSdkVersion
		INJECTED from AndroidManifest.xml:0:0
		INJECTED from AndroidManifest.xml:0:0
activity#android.support.v7.widget.TestActivity
ADDED from com.android.support:recyclerview-v7:21.0.3:18:9
MERGED from com.android.support:recyclerview-v7:21.0.3:18:9
MERGED from com.android.support:recyclerview-v7:21.0.3:18:9
	android:label
		ADDED from com.android.support:recyclerview-v7:21.0.3:18:19
	android:name
		ADDED from com.android.support:recyclerview-v7:21.0.3:18:60
activity#com.twitter.sdk.android.core.identity.OAuthActivity
ADDED from com.twitter.sdk.android:twitter-core:1.4.1:28:9
MERGED from com.twitter.sdk.android:twitter-core:1.4.1:28:9
MERGED from com.twitter.sdk.android:twitter-core:1.4.1:28:9
	android:excludeFromRecents
		ADDED from com.twitter.sdk.android:twitter-core:1.4.1:31:13
	android:exported
		ADDED from com.twitter.sdk.android:twitter-core:1.4.1:32:13
	android:configChanges
		ADDED from com.twitter.sdk.android:twitter-core:1.4.1:30:13
	android:name
		ADDED from com.twitter.sdk.android:twitter-core:1.4.1:29:13
activity#com.twitter.sdk.android.core.identity.ShareEmailActivity
ADDED from com.twitter.sdk.android:twitter-core:1.4.1:33:9
MERGED from com.twitter.sdk.android:twitter-core:1.4.1:33:9
MERGED from com.twitter.sdk.android:twitter-core:1.4.1:33:9
	android:label
		ADDED from com.twitter.sdk.android:twitter-core:1.4.1:39:13
	android:excludeFromRecents
		ADDED from com.twitter.sdk.android:twitter-core:1.4.1:36:13
	android:exported
		ADDED from com.twitter.sdk.android:twitter-core:1.4.1:37:13
	android:configChanges
		ADDED from com.twitter.sdk.android:twitter-core:1.4.1:35:13
	android:icon
		ADDED from com.twitter.sdk.android:twitter-core:1.4.1:38:13
	android:name
		ADDED from com.twitter.sdk.android:twitter-core:1.4.1:34:13
activity#com.digits.sdk.android.PhoneNumberActivity
ADDED from com.digits.sdk.android:digits:1.6.2:28:9
	android:exported
		ADDED from com.digits.sdk.android:digits:1.6.2:31:13
	android:windowSoftInputMode
		ADDED from com.digits.sdk.android:digits:1.6.2:33:13
	android:configChanges
		ADDED from com.digits.sdk.android:digits:1.6.2:30:13
	android:taskAffinity
		ADDED from com.digits.sdk.android:digits:1.6.2:32:13
	android:name
		ADDED from com.digits.sdk.android:digits:1.6.2:29:13
activity#com.digits.sdk.android.ConfirmationCodeActivity
ADDED from com.digits.sdk.android:digits:1.6.2:34:9
	android:exported
		ADDED from com.digits.sdk.android:digits:1.6.2:37:13
	android:windowSoftInputMode
		ADDED from com.digits.sdk.android:digits:1.6.2:39:13
	android:configChanges
		ADDED from com.digits.sdk.android:digits:1.6.2:36:13
	android:taskAffinity
		ADDED from com.digits.sdk.android:digits:1.6.2:38:13
	android:name
		ADDED from com.digits.sdk.android:digits:1.6.2:35:13
activity#com.digits.sdk.android.LoginCodeActivity
ADDED from com.digits.sdk.android:digits:1.6.2:40:9
	android:exported
		ADDED from com.digits.sdk.android:digits:1.6.2:43:13
	android:windowSoftInputMode
		ADDED from com.digits.sdk.android:digits:1.6.2:45:13
	android:configChanges
		ADDED from com.digits.sdk.android:digits:1.6.2:42:13
	android:taskAffinity
		ADDED from com.digits.sdk.android:digits:1.6.2:44:13
	android:name
		ADDED from com.digits.sdk.android:digits:1.6.2:41:13
activity#com.digits.sdk.android.PinCodeActivity
ADDED from com.digits.sdk.android:digits:1.6.2:46:9
	android:exported
		ADDED from com.digits.sdk.android:digits:1.6.2:49:13
	android:windowSoftInputMode
		ADDED from com.digits.sdk.android:digits:1.6.2:51:13
	android:configChanges
		ADDED from com.digits.sdk.android:digits:1.6.2:48:13
	android:taskAffinity
		ADDED from com.digits.sdk.android:digits:1.6.2:50:13
	android:name
		ADDED from com.digits.sdk.android:digits:1.6.2:47:13
activity#com.digits.sdk.android.FailureActivity
ADDED from com.digits.sdk.android:digits:1.6.2:52:9
	android:exported
		ADDED from com.digits.sdk.android:digits:1.6.2:55:13
	android:configChanges
		ADDED from com.digits.sdk.android:digits:1.6.2:54:13
	android:taskAffinity
		ADDED from com.digits.sdk.android:digits:1.6.2:56:13
	android:name
		ADDED from com.digits.sdk.android:digits:1.6.2:53:13
activity#com.digits.sdk.android.ContactsActivity
ADDED from com.digits.sdk.android:digits:1.6.2:57:9
	android:exported
		ADDED from com.digits.sdk.android:digits:1.6.2:60:13
	android:configChanges
		ADDED from com.digits.sdk.android:digits:1.6.2:59:13
	android:name
		ADDED from com.digits.sdk.android:digits:1.6.2:58:13
activity#com.digits.sdk.android.PhoneNumberActionBarActivity
ADDED from com.digits.sdk.android:digits:1.6.2:61:9
	android:exported
		ADDED from com.digits.sdk.android:digits:1.6.2:64:13
	android:windowSoftInputMode
		ADDED from com.digits.sdk.android:digits:1.6.2:66:13
	android:configChanges
		ADDED from com.digits.sdk.android:digits:1.6.2:63:13
	android:taskAffinity
		ADDED from com.digits.sdk.android:digits:1.6.2:65:13
	android:name
		ADDED from com.digits.sdk.android:digits:1.6.2:62:13
activity#com.digits.sdk.android.ConfirmationCodeActionBarActivity
ADDED from com.digits.sdk.android:digits:1.6.2:67:9
	android:exported
		ADDED from com.digits.sdk.android:digits:1.6.2:70:13
	android:windowSoftInputMode
		ADDED from com.digits.sdk.android:digits:1.6.2:72:13
	android:configChanges
		ADDED from com.digits.sdk.android:digits:1.6.2:69:13
	android:taskAffinity
		ADDED from com.digits.sdk.android:digits:1.6.2:71:13
	android:name
		ADDED from com.digits.sdk.android:digits:1.6.2:68:13
activity#com.digits.sdk.android.LoginCodeActionBarActivity
ADDED from com.digits.sdk.android:digits:1.6.2:73:9
	android:exported
		ADDED from com.digits.sdk.android:digits:1.6.2:76:13
	android:windowSoftInputMode
		ADDED from com.digits.sdk.android:digits:1.6.2:78:13
	android:configChanges
		ADDED from com.digits.sdk.android:digits:1.6.2:75:13
	android:taskAffinity
		ADDED from com.digits.sdk.android:digits:1.6.2:77:13
	android:name
		ADDED from com.digits.sdk.android:digits:1.6.2:74:13
activity#com.digits.sdk.android.FailureActionBarActivity
ADDED from com.digits.sdk.android:digits:1.6.2:79:9
	android:exported
		ADDED from com.digits.sdk.android:digits:1.6.2:82:13
	android:configChanges
		ADDED from com.digits.sdk.android:digits:1.6.2:81:13
	android:taskAffinity
		ADDED from com.digits.sdk.android:digits:1.6.2:83:13
	android:name
		ADDED from com.digits.sdk.android:digits:1.6.2:80:13
activity#com.digits.sdk.android.ContactsActionBarActivity
ADDED from com.digits.sdk.android:digits:1.6.2:84:9
	android:exported
		ADDED from com.digits.sdk.android:digits:1.6.2:87:13
	android:configChanges
		ADDED from com.digits.sdk.android:digits:1.6.2:86:13
	android:name
		ADDED from com.digits.sdk.android:digits:1.6.2:85:13
activity#com.digits.sdk.android.PinCodeActionBarActivity
ADDED from com.digits.sdk.android:digits:1.6.2:88:9
	android:exported
		ADDED from com.digits.sdk.android:digits:1.6.2:91:13
	android:windowSoftInputMode
		ADDED from com.digits.sdk.android:digits:1.6.2:93:13
	android:configChanges
		ADDED from com.digits.sdk.android:digits:1.6.2:90:13
	android:taskAffinity
		ADDED from com.digits.sdk.android:digits:1.6.2:92:13
	android:name
		ADDED from com.digits.sdk.android:digits:1.6.2:89:13
service#com.digits.sdk.android.ContactsUploadService
ADDED from com.digits.sdk.android:digits:1.6.2:95:9
	android:enabled
		ADDED from com.digits.sdk.android:digits:1.6.2:97:13
	android:exported
		ADDED from com.digits.sdk.android:digits:1.6.2:98:13
	android:name
		ADDED from com.digits.sdk.android:digits:1.6.2:96:13